<?xml version="1.0" encoding="UTF-8"?>
<!-- Generated by org.testng.reporters.JUnitXMLReporter -->
<testsuite ignored="1" hostname="DESKTOP-5OBCTT3" failures="0" tests="1" name="Default test(failed)(failed)" time="22.234" errors="0" timestamp="2022-10-12T22:49:18 IST">
  <testcase classname="com.crm.organization.CreateOrganizationTest" name="organizationsTest" time="13.679"/>
  <testcase classname="com.crm.organization.CreateOrganizationTest" name="modifyOrganization" time="0.0">
    <ignored/>
  </testcase> <!-- modifyOrganization -->
</testsuite> <!-- Default test(failed)(failed) -->
