<?xml version="1.0" encoding="UTF-8"?>
<testng-results ignored="0" total="1" passed="1" failed="0" skipped="0">
  <reporter-output>
    <line>
      <![CDATA[openBrowser]]>
    </line>
    <line>
      <![CDATA[Login]]>
    </line>
    <line>
      <![CDATA[Compaigncreated successfully]]>
    </line>
    <line>
      <![CDATA[Logou]]>
    </line>
    <line>
      <![CDATA[closeBrowser]]>
    </line>
  </reporter-output>
  <suite started-at="2022-09-02T21:15:56 IST" name="Default suite" finished-at="2022-09-02T21:16:15 IST" duration-ms="19193">
    <groups>
    </groups>
    <test started-at="2022-09-02T21:15:56 IST" name="Default test" finished-at="2022-09-02T21:16:15 IST" duration-ms="19193">
      <class name="com.crm.testscript.CompaignModule">
        <test-method is-config="true" signature="openBrowser()[pri:0, instance:com.crm.testscript.CompaignModule@3d51f06e]" started-at="2022-09-02T21:15:56 IST" name="openBrowser" finished-at="2022-09-02T21:15:58 IST" duration-ms="2358" status="PASS">
          <reporter-output>
            <line>
              <![CDATA[openBrowser]]>
            </line>
          </reporter-output>
        </test-method> <!-- openBrowser -->
        <test-method is-config="true" signature="login()[pri:0, instance:com.crm.testscript.CompaignModule@3d51f06e]" started-at="2022-09-02T21:15:58 IST" name="login" finished-at="2022-09-02T21:16:01 IST" duration-ms="2431" status="PASS">
          <reporter-output>
            <line>
              <![CDATA[Login]]>
            </line>
          </reporter-output>
        </test-method> <!-- login -->
        <test-method signature="createCompaign()[pri:0, instance:com.crm.testscript.CompaignModule@3d51f06e]" started-at="2022-09-02T21:16:01 IST" name="createCompaign" finished-at="2022-09-02T21:16:10 IST" duration-ms="9684" status="PASS">
          <reporter-output>
            <line>
              <![CDATA[Compaigncreated successfully]]>
            </line>
          </reporter-output>
        </test-method> <!-- createCompaign -->
        <test-method is-config="true" signature="logout()[pri:0, instance:com.crm.testscript.CompaignModule@3d51f06e]" started-at="2022-09-02T21:16:10 IST" name="logout" finished-at="2022-09-02T21:16:15 IST" duration-ms="4407" status="PASS">
          <reporter-output>
            <line>
              <![CDATA[Logou]]>
            </line>
          </reporter-output>
        </test-method> <!-- logout -->
        <test-method is-config="true" signature="closeBrowser()[pri:0, instance:com.crm.testscript.CompaignModule@3d51f06e]" started-at="2022-09-02T21:16:15 IST" name="closeBrowser" finished-at="2022-09-02T21:16:15 IST" duration-ms="210" status="PASS">
          <reporter-output>
            <line>
              <![CDATA[closeBrowser]]>
            </line>
          </reporter-output>
        </test-method> <!-- closeBrowser -->
      </class> <!-- com.crm.testscript.CompaignModule -->
    </test> <!-- Default test -->
  </suite> <!-- Default suite -->
</testng-results>
