<?xml version="1.0" encoding="UTF-8"?>
<!-- Generated by org.testng.reporters.JUnitXMLReporter -->
<testsuite ignored="0" hostname="DESKTOP-5OBCTT3" failures="0" tests="3" name="Default test" time="57.719" errors="0" timestamp="2022-10-14T11:46:06 IST">
  <testcase classname="practice.DataProviderTest" name="contactDetails" time="19.014"/>
  <testcase classname="practice.DataProviderTest" name="contactDetails" time="19.603"/>
  <testcase classname="practice.DataProviderTest" name="contactDetails" time="19.033"/>
</testsuite> <!-- Default test -->
