<?xml version="1.0" encoding="UTF-8"?>
<!-- Generated by org.testng.reporters.JUnitXMLReporter -->
<testsuite ignored="0" hostname="DESKTOP-5OBCTT3" failures="0" tests="2" name="Testrunner1" time="61.085" errors="0" timestamp="2022-10-06T17:05:55 IST">
  <testcase classname="com.crm.organization.CreateOrganizationTest" name="modifyOrganization" time="0.016"/>
  <testcase classname="com.crm.organization.CreateOrganizationTest" name="organizationsTest" time="19.634"/>
</testsuite> <!-- Testrunner1 -->
